  Boom.cpp
c:\work\adow\과제\new지뢰찾기\new지뢰찾기\mapdraw.h(20): warning C4838: 'int'에서 'SHORT'(으)로의 변환에는 축소 변환이 필요합니다.
c:\work\adow\과제\new지뢰찾기\new지뢰찾기\boom.cpp(11): warning C4244: '인수': 'time_t'에서 'unsigned int'(으)로 변환하면서 데이터가 손실될 수 있습니다.
  Game.cpp
c:\work\adow\과제\new지뢰찾기\new지뢰찾기\mapdraw.h(20): warning C4838: 'int'에서 'SHORT'(으)로의 변환에는 축소 변환이 필요합니다.
c:\work\adow\과제\new지뢰찾기\new지뢰찾기\game.cpp(15): warning C4244: '인수': 'float'에서 'int'(으)로 변환하면서 데이터가 손실될 수 있습니다.
c:\work\adow\과제\new지뢰찾기\new지뢰찾기\game.cpp(17): warning C4244: '인수': 'float'에서 'int'(으)로 변환하면서 데이터가 손실될 수 있습니다.
c:\work\adow\과제\new지뢰찾기\new지뢰찾기\game.cpp(19): warning C4244: '인수': 'float'에서 'int'(으)로 변환하면서 데이터가 손실될 수 있습니다.
  Mapdraw.cpp
c:\work\adow\과제\new지뢰찾기\new지뢰찾기\mapdraw.h(20): warning C4838: 'int'에서 'SHORT'(으)로의 변환에는 축소 변환이 필요합니다.
  Player.cpp
c:\work\adow\과제\new지뢰찾기\new지뢰찾기\mapdraw.h(20): warning C4838: 'int'에서 'SHORT'(으)로의 변환에는 축소 변환이 필요합니다.
c:\work\adow\과제\new지뢰찾기\new지뢰찾기\player.cpp(42): warning C4996: 'kbhit': The POSIX name for this item is deprecated. Instead, use the ISO C and C++ conformant name: _kbhit. See online help for details.
  c:\program files (x86)\windows kits\10\include\10.0.17763.0\ucrt\conio.h(459): note: 'kbhit' 선언을 참조하십시오.
c:\work\adow\과제\new지뢰찾기\new지뢰찾기\player.cpp(44): warning C4996: 'getch': The POSIX name for this item is deprecated. Instead, use the ISO C and C++ conformant name: _getch. See online help for details.
  c:\program files (x86)\windows kits\10\include\10.0.17763.0\ucrt\conio.h(453): note: 'getch' 선언을 참조하십시오.
  소스.cpp
c:\work\adow\과제\new지뢰찾기\new지뢰찾기\mapdraw.h(20): warning C4838: 'int'에서 'SHORT'(으)로의 변환에는 축소 변환이 필요합니다.
c:\work\adow\과제\new지뢰찾기\new지뢰찾기\소스.cpp(5): warning C4326: 'main'의 반환 형식이 'int'이어야 하는데 'void'입니다.
  코드를 생성하고 있습니다...
  new지뢰찾기.vcxproj -> C:\work\adow\과제\new지뢰찾기\Debug\new지뢰찾기.exe
