  Player.cpp
c:\users\a11\desktop\rpg(컴포넌트패턴으로 인벤토리추가)\rpg\mapdraw.h(19): warning C4838: 'int'에서 'SHORT'(으)로의 변환에는 축소 변환이 필요합니다.
c:\users\a11\desktop\rpg(컴포넌트패턴으로 인벤토리추가)\rpg\player.cpp(77): warning C4101: 'monstercount' :참조되지 않은 지역 변수입니다.
c:\users\a11\desktop\rpg(컴포넌트패턴으로 인벤토리추가)\rpg\player.cpp(162): warning C4244: '인수': 'time_t'에서 'unsigned int'(으)로 변환하면서 데이터가 손실될 수 있습니다.
c:\users\a11\desktop\rpg(컴포넌트패턴으로 인벤토리추가)\rpg\player.cpp(165): warning C4244: '*=': 'double'에서 'int'(으)로 변환하면서 데이터가 손실될 수 있습니다.
  Weapon.cpp
c:\users\a11\desktop\rpg(컴포넌트패턴으로 인벤토리추가)\rpg\mapdraw.h(19): warning C4838: 'int'에서 'SHORT'(으)로의 변환에는 축소 변환이 필요합니다.
c:\users\a11\desktop\rpg(컴포넌트패턴으로 인벤토리추가)\rpg\weapon.cpp(83): warning C4244: '인수': 'time_t'에서 'unsigned int'(으)로 변환하면서 데이터가 손실될 수 있습니다.
c:\users\a11\desktop\rpg(컴포넌트패턴으로 인벤토리추가)\rpg\weapon.cpp(89): warning C4244: '*=': 'double'에서 'int'(으)로 변환하면서 데이터가 손실될 수 있습니다.
c:\users\a11\desktop\rpg(컴포넌트패턴으로 인벤토리추가)\rpg\weapon.cpp(97): warning C4244: '*=': 'double'에서 'int'(으)로 변환하면서 데이터가 손실될 수 있습니다.
c:\users\a11\desktop\rpg(컴포넌트패턴으로 인벤토리추가)\rpg\weapon.cpp(105): warning C4244: '*=': 'double'에서 'int'(으)로 변환하면서 데이터가 손실될 수 있습니다.
c:\users\a11\desktop\rpg(컴포넌트패턴으로 인벤토리추가)\rpg\weapon.cpp(113): warning C4244: '*=': 'double'에서 'int'(으)로 변환하면서 데이터가 손실될 수 있습니다.
c:\users\a11\desktop\rpg(컴포넌트패턴으로 인벤토리추가)\rpg\weapon.cpp(121): warning C4244: '*=': 'double'에서 'int'(으)로 변환하면서 데이터가 손실될 수 있습니다.
c:\users\a11\desktop\rpg(컴포넌트패턴으로 인벤토리추가)\rpg\weapon.cpp(156): warning C4244: '인수': 'time_t'에서 'unsigned int'(으)로 변환하면서 데이터가 손실될 수 있습니다.
c:\users\a11\desktop\rpg(컴포넌트패턴으로 인벤토리추가)\rpg\weapon.cpp(240): warning C4244: '인수': 'time_t'에서 'unsigned int'(으)로 변환하면서 데이터가 손실될 수 있습니다.
c:\users\a11\desktop\rpg(컴포넌트패턴으로 인벤토리추가)\rpg\weapon.cpp(246): warning C4244: '=': 'double'에서 'int'(으)로 변환하면서 데이터가 손실될 수 있습니다.
c:\users\a11\desktop\rpg(컴포넌트패턴으로 인벤토리추가)\rpg\weapon.cpp(254): warning C4244: '=': 'double'에서 'int'(으)로 변환하면서 데이터가 손실될 수 있습니다.
c:\users\a11\desktop\rpg(컴포넌트패턴으로 인벤토리추가)\rpg\weapon.cpp(262): warning C4244: '=': 'double'에서 'int'(으)로 변환하면서 데이터가 손실될 수 있습니다.
c:\users\a11\desktop\rpg(컴포넌트패턴으로 인벤토리추가)\rpg\weapon.cpp(270): warning C4244: '=': 'double'에서 'int'(으)로 변환하면서 데이터가 손실될 수 있습니다.
c:\users\a11\desktop\rpg(컴포넌트패턴으로 인벤토리추가)\rpg\weapon.cpp(306): warning C4244: '인수': 'time_t'에서 'unsigned int'(으)로 변환하면서 데이터가 손실될 수 있습니다.
c:\users\a11\desktop\rpg(컴포넌트패턴으로 인벤토리추가)\rpg\weapon.cpp(376): warning C4244: '인수': 'time_t'에서 'unsigned int'(으)로 변환하면서 데이터가 손실될 수 있습니다.
c:\users\a11\desktop\rpg(컴포넌트패턴으로 인벤토리추가)\rpg\weapon.cpp(450): warning C4244: '인수': 'time_t'에서 'unsigned int'(으)로 변환하면서 데이터가 손실될 수 있습니다.
c:\users\a11\desktop\rpg(컴포넌트패턴으로 인벤토리추가)\rpg\weapon.cpp(456): warning C4244: '=': 'double'에서 'int'(으)로 변환하면서 데이터가 손실될 수 있습니다.
c:\users\a11\desktop\rpg(컴포넌트패턴으로 인벤토리추가)\rpg\weapon.cpp(464): warning C4244: '=': 'double'에서 'int'(으)로 변환하면서 데이터가 손실될 수 있습니다.
c:\users\a11\desktop\rpg(컴포넌트패턴으로 인벤토리추가)\rpg\weapon.cpp(472): warning C4244: '=': 'double'에서 'int'(으)로 변환하면서 데이터가 손실될 수 있습니다.
c:\users\a11\desktop\rpg(컴포넌트패턴으로 인벤토리추가)\rpg\weapon.cpp(480): warning C4244: '=': 'double'에서 'int'(으)로 변환하면서 데이터가 손실될 수 있습니다.
c:\users\a11\desktop\rpg(컴포넌트패턴으로 인벤토리추가)\rpg\weapon.cpp(488): warning C4244: '=': 'double'에서 'int'(으)로 변환하면서 데이터가 손실될 수 있습니다.
  코드를 생성하고 있습니다...
  RPG.vcxproj -> C:\Users\A11\Desktop\RPG(컴포넌트패턴으로 인벤토리추가)\x64\Debug\RPG.exe
