  GameManager.cpp
c:\users\a-12\desktop\rpg(팩토리매서드)\rpg\mapdraw.h(19): warning C4838: 'int'에서 'SHORT'(으)로의 변환에는 축소 변환이 필요합니다.
c:\users\a-12\desktop\rpg(팩토리매서드)\rpg\gamemanager.cpp(22): warning C4244: '인수': 'float'에서 'int'(으)로 변환하면서 데이터가 손실될 수 있습니다.
c:\users\a-12\desktop\rpg(팩토리매서드)\rpg\gamemanager.cpp(25): warning C4244: '초기화 중': 'float'에서 'int'(으)로 변환하면서 데이터가 손실될 수 있습니다.
c:\users\a-12\desktop\rpg(팩토리매서드)\rpg\gamemanager.cpp(33): warning C4244: '인수': 'float'에서 'int'(으)로 변환하면서 데이터가 손실될 수 있습니다.
c:\users\a-12\desktop\rpg(팩토리매서드)\rpg\gamemanager.cpp(48): warning C4244: '초기화 중': 'float'에서 'int'(으)로 변환하면서 데이터가 손실될 수 있습니다.
c:\users\a-12\desktop\rpg(팩토리매서드)\rpg\gamemanager.cpp(49): warning C4244: '초기화 중': 'float'에서 'int'(으)로 변환하면서 데이터가 손실될 수 있습니다.
c:\users\a-12\desktop\rpg(팩토리매서드)\rpg\gamemanager.cpp(80): warning C4244: '인수': 'float'에서 'int'(으)로 변환하면서 데이터가 손실될 수 있습니다.
c:\users\a-12\desktop\rpg(팩토리매서드)\rpg\gamemanager.cpp(96): warning C4244: '=': 'float'에서 'int'(으)로 변환하면서 데이터가 손실될 수 있습니다.
c:\users\a-12\desktop\rpg(팩토리매서드)\rpg\gamemanager.cpp(97): warning C4244: '=': 'float'에서 'int'(으)로 변환하면서 데이터가 손실될 수 있습니다.
c:\users\a-12\desktop\rpg(팩토리매서드)\rpg\gamemanager.cpp(59): warning C4996: 'sprintf': This function or variable may be unsafe. Consider using sprintf_s instead. To disable deprecation, use _CRT_SECURE_NO_WARNINGS. See online help for details.
  c:\program files (x86)\windows kits\10\include\10.0.17763.0\ucrt\stdio.h(1774): note: 'sprintf' 선언을 참조하십시오.
c:\users\a-12\desktop\rpg(팩토리매서드)\rpg\gamemanager.cpp(60): warning C4996: 'sprintf': This function or variable may be unsafe. Consider using sprintf_s instead. To disable deprecation, use _CRT_SECURE_NO_WARNINGS. See online help for details.
  c:\program files (x86)\windows kits\10\include\10.0.17763.0\ucrt\stdio.h(1774): note: 'sprintf' 선언을 참조하십시오.
c:\users\a-12\desktop\rpg(팩토리매서드)\rpg\gamemanager.cpp(113): warning C4244: '인수': 'float'에서 'int'(으)로 변환하면서 데이터가 손실될 수 있습니다.
c:\users\a-12\desktop\rpg(팩토리매서드)\rpg\gamemanager.cpp(120): warning C4244: '인수': 'float'에서 'int'(으)로 변환하면서 데이터가 손실될 수 있습니다.
c:\users\a-12\desktop\rpg(팩토리매서드)\rpg\gamemanager.cpp(125): warning C4244: '초기화 중': 'float'에서 'int'(으)로 변환하면서 데이터가 손실될 수 있습니다.
c:\users\a-12\desktop\rpg(팩토리매서드)\rpg\gamemanager.cpp(129): warning C4244: '인수': 'float'에서 'int'(으)로 변환하면서 데이터가 손실될 수 있습니다.
c:\users\a-12\desktop\rpg(팩토리매서드)\rpg\gamemanager.cpp(145): warning C4244: '인수': 'float'에서 'int'(으)로 변환하면서 데이터가 손실될 수 있습니다.
c:\users\a-12\desktop\rpg(팩토리매서드)\rpg\gamemanager.cpp(139): warning C4996: 'sprintf': This function or variable may be unsafe. Consider using sprintf_s instead. To disable deprecation, use _CRT_SECURE_NO_WARNINGS. See online help for details.
  c:\program files (x86)\windows kits\10\include\10.0.17763.0\ucrt\stdio.h(1774): note: 'sprintf' 선언을 참조하십시오.
c:\users\a-12\desktop\rpg(팩토리매서드)\rpg\gamemanager.cpp(140): warning C4996: 'sprintf': This function or variable may be unsafe. Consider using sprintf_s instead. To disable deprecation, use _CRT_SECURE_NO_WARNINGS. See online help for details.
  c:\program files (x86)\windows kits\10\include\10.0.17763.0\ucrt\stdio.h(1774): note: 'sprintf' 선언을 참조하십시오.
c:\users\a-12\desktop\rpg(팩토리매서드)\rpg\gamemanager.cpp(162): warning C4996: 'sprintf': This function or variable may be unsafe. Consider using sprintf_s instead. To disable deprecation, use _CRT_SECURE_NO_WARNINGS. See online help for details.
  c:\program files (x86)\windows kits\10\include\10.0.17763.0\ucrt\stdio.h(1774): note: 'sprintf' 선언을 참조하십시오.
c:\users\a-12\desktop\rpg(팩토리매서드)\rpg\gamemanager.cpp(163): warning C4996: 'sprintf': This function or variable may be unsafe. Consider using sprintf_s instead. To disable deprecation, use _CRT_SECURE_NO_WARNINGS. See online help for details.
  c:\program files (x86)\windows kits\10\include\10.0.17763.0\ucrt\stdio.h(1774): note: 'sprintf' 선언을 참조하십시오.
c:\users\a-12\desktop\rpg(팩토리매서드)\rpg\gamemanager.cpp(173): warning C4244: '인수': 'float'에서 'int'(으)로 변환하면서 데이터가 손실될 수 있습니다.
c:\users\a-12\desktop\rpg(팩토리매서드)\rpg\gamemanager.cpp(202): warning C4244: '인수': 'float'에서 'int'(으)로 변환하면서 데이터가 손실될 수 있습니다.
c:\users\a-12\desktop\rpg(팩토리매서드)\rpg\gamemanager.cpp(203): warning C4244: '인수': 'float'에서 'int'(으)로 변환하면서 데이터가 손실될 수 있습니다.
c:\users\a-12\desktop\rpg(팩토리매서드)\rpg\gamemanager.cpp(206): warning C4244: '인수': 'float'에서 'int'(으)로 변환하면서 데이터가 손실될 수 있습니다.
c:\users\a-12\desktop\rpg(팩토리매서드)\rpg\gamemanager.cpp(210): warning C4244: '인수': 'float'에서 'int'(으)로 변환하면서 데이터가 손실될 수 있습니다.
c:\users\a-12\desktop\rpg(팩토리매서드)\rpg\gamemanager.cpp(212): warning C4244: '인수': 'float'에서 'int'(으)로 변환하면서 데이터가 손실될 수 있습니다.
c:\users\a-12\desktop\rpg(팩토리매서드)\rpg\gamemanager.cpp(214): warning C4244: '인수': 'float'에서 'int'(으)로 변환하면서 데이터가 손실될 수 있습니다.
c:\users\a-12\desktop\rpg(팩토리매서드)\rpg\gamemanager.cpp(219): warning C4244: '인수': 'float'에서 'int'(으)로 변환하면서 데이터가 손실될 수 있습니다.
c:\users\a-12\desktop\rpg(팩토리매서드)\rpg\gamemanager.cpp(221): warning C4244: '인수': 'float'에서 'int'(으)로 변환하면서 데이터가 손실될 수 있습니다.
c:\users\a-12\desktop\rpg(팩토리매서드)\rpg\gamemanager.cpp(223): warning C4244: '인수': 'float'에서 'int'(으)로 변환하면서 데이터가 손실될 수 있습니다.
c:\users\a-12\desktop\rpg(팩토리매서드)\rpg\gamemanager.cpp(224): warning C4244: '인수': 'float'에서 'int'(으)로 변환하면서 데이터가 손실될 수 있습니다.
c:\users\a-12\desktop\rpg(팩토리매서드)\rpg\gamemanager.cpp(226): warning C4244: '인수': 'float'에서 'int'(으)로 변환하면서 데이터가 손실될 수 있습니다.
c:\users\a-12\desktop\rpg(팩토리매서드)\rpg\gamemanager.cpp(228): warning C4244: '인수': 'float'에서 'int'(으)로 변환하면서 데이터가 손실될 수 있습니다.
c:\users\a-12\desktop\rpg(팩토리매서드)\rpg\gamemanager.cpp(230): warning C4244: '인수': 'float'에서 'int'(으)로 변환하면서 데이터가 손실될 수 있습니다.
c:\users\a-12\desktop\rpg(팩토리매서드)\rpg\gamemanager.cpp(234): warning C4244: '인수': 'float'에서 'int'(으)로 변환하면서 데이터가 손실될 수 있습니다.
c:\users\a-12\desktop\rpg(팩토리매서드)\rpg\gamemanager.cpp(236): warning C4244: '인수': 'float'에서 'int'(으)로 변환하면서 데이터가 손실될 수 있습니다.
c:\users\a-12\desktop\rpg(팩토리매서드)\rpg\gamemanager.cpp(238): warning C4244: '인수': 'float'에서 'int'(으)로 변환하면서 데이터가 손실될 수 있습니다.
c:\users\a-12\desktop\rpg(팩토리매서드)\rpg\gamemanager.cpp(240): warning C4244: '인수': 'float'에서 'int'(으)로 변환하면서 데이터가 손실될 수 있습니다.
c:\users\a-12\desktop\rpg(팩토리매서드)\rpg\gamemanager.cpp(294): warning C4244: '인수': 'float'에서 'int'(으)로 변환하면서 데이터가 손실될 수 있습니다.
c:\users\a-12\desktop\rpg(팩토리매서드)\rpg\gamemanager.cpp(313): warning C4244: '인수': 'float'에서 'int'(으)로 변환하면서 데이터가 손실될 수 있습니다.
c:\users\a-12\desktop\rpg(팩토리매서드)\rpg\gamemanager.cpp(325): warning C4244: '인수': 'float'에서 'int'(으)로 변환하면서 데이터가 손실될 수 있습니다.
c:\users\a-12\desktop\rpg(팩토리매서드)\rpg\gamemanager.cpp(372): warning C4244: '인수': 'float'에서 'int'(으)로 변환하면서 데이터가 손실될 수 있습니다.
c:\users\a-12\desktop\rpg(팩토리매서드)\rpg\gamemanager.cpp(373): warning C4996: 'getch': The POSIX name for this item is deprecated. Instead, use the ISO C and C++ conformant name: _getch. See online help for details.
  c:\program files (x86)\windows kits\10\include\10.0.17763.0\ucrt\conio.h(453): note: 'getch' 선언을 참조하십시오.
  Player.cpp
c:\users\a-12\desktop\rpg(팩토리매서드)\rpg\mapdraw.h(19): warning C4838: 'int'에서 'SHORT'(으)로의 변환에는 축소 변환이 필요합니다.
c:\users\a-12\desktop\rpg(팩토리매서드)\rpg\player.cpp(82): warning C4101: 'monstercount' :참조되지 않은 지역 변수입니다.
c:\users\a-12\desktop\rpg(팩토리매서드)\rpg\player.cpp(167): warning C4244: '인수': 'time_t'에서 'unsigned int'(으)로 변환하면서 데이터가 손실될 수 있습니다.
c:\users\a-12\desktop\rpg(팩토리매서드)\rpg\player.cpp(170): warning C4244: '*=': 'double'에서 'int'(으)로 변환하면서 데이터가 손실될 수 있습니다.
  mainStart.cpp
c:\users\a-12\desktop\rpg(팩토리매서드)\rpg\mapdraw.h(19): warning C4838: 'int'에서 'SHORT'(으)로의 변환에는 축소 변환이 필요합니다.
c:\users\a-12\desktop\rpg(팩토리매서드)\rpg\mainstart.cpp(17): warning C4244: '인수': 'float'에서 'int'(으)로 변환하면서 데이터가 손실될 수 있습니다.
c:\users\a-12\desktop\rpg(팩토리매서드)\rpg\mainstart.cpp(54): warning C4326: 'main'의 반환 형식이 'int'이어야 하는데 'void'입니다.
c:\users\a-12\desktop\rpg(팩토리매서드)\rpg\mainstart.cpp(62): warning C4244: '인수': 'time_t'에서 'unsigned int'(으)로 변환하면서 데이터가 손실될 수 있습니다.
c:\users\a-12\desktop\rpg(팩토리매서드)\rpg\mainstart.cpp(71): warning C4244: '인수': 'double'에서 'int'(으)로 변환하면서 데이터가 손실될 수 있습니다.
c:\users\a-12\desktop\rpg(팩토리매서드)\rpg\mainstart.cpp(71): warning C4267: '인수': 'size_t'에서 'int'(으)로 변환하면서 데이터가 손실될 수 있습니다.
c:\users\a-12\desktop\rpg(팩토리매서드)\rpg\mainstart.cpp(64): warning C4996: 'sprintf': This function or variable may be unsafe. Consider using sprintf_s instead. To disable deprecation, use _CRT_SECURE_NO_WARNINGS. See online help for details.
  c:\program files (x86)\windows kits\10\include\10.0.17763.0\ucrt\stdio.h(1774): note: 'sprintf' 선언을 참조하십시오.
c:\users\a-12\desktop\rpg(팩토리매서드)\rpg\mainstart.cpp(66): warning C4101: 'Select' :참조되지 않은 지역 변수입니다.
  코드를 생성하고 있습니다...
c:\users\a-12\desktop\rpg(팩토리매서드)\rpg\player.cpp(283): warning C4715: 'Player::SelectJob': 모든 제어 경로에서 값을 반환하지는 않습니다.
  RPG.vcxproj -> C:\Users\A-12\Desktop\RPG(팩토리매서드)\x64\Debug\RPG.exe
