  GameManager.cpp
  Winmain.cpp
c:\users\a01\desktop\circus(변경점)\winmain.cpp(64): warning C4101: 'ps' :참조되지 않은 지역 변수입니다.
  obstacle.cpp
c:\users\a01\desktop\circus(변경점)\obstacle.cpp(38): warning C4244: '인수': 'double'에서 'int'(으)로 변환하면서 데이터가 손실될 수 있습니다.
c:\users\a01\desktop\circus(변경점)\obstacle.cpp(43): warning C4244: '인수': 'double'에서 'int'(으)로 변환하면서 데이터가 손실될 수 있습니다.
c:\users\a01\desktop\circus(변경점)\obstacle.cpp(51): warning C4244: '+=': 'float'에서 'LONG'(으)로 변환하면서 데이터가 손실될 수 있습니다.
c:\users\a01\desktop\circus(변경점)\obstacle.cpp(52): warning C4244: '+=': 'float'에서 'LONG'(으)로 변환하면서 데이터가 손실될 수 있습니다.
c:\users\a01\desktop\circus(변경점)\obstacle.cpp(56): warning C4244: '-=': 'float'에서 'LONG'(으)로 변환하면서 데이터가 손실될 수 있습니다.
c:\users\a01\desktop\circus(변경점)\obstacle.cpp(57): warning C4244: '-=': 'float'에서 'LONG'(으)로 변환하면서 데이터가 손실될 수 있습니다.
c:\users\a01\desktop\circus(변경점)\obstacle.cpp(135): warning C4244: '=': 'double'에서 'LONG'(으)로 변환하면서 데이터가 손실될 수 있습니다.
c:\users\a01\desktop\circus(변경점)\obstacle.cpp(150): warning C4244: '-=': 'float'에서 'LONG'(으)로 변환하면서 데이터가 손실될 수 있습니다.
c:\users\a01\desktop\circus(변경점)\obstacle.cpp(151): warning C4244: '-=': 'float'에서 'LONG'(으)로 변환하면서 데이터가 손실될 수 있습니다.
c:\users\a01\desktop\circus(변경점)\obstacle.cpp(152): warning C4244: '-=': 'float'에서 'LONG'(으)로 변환하면서 데이터가 손실될 수 있습니다.
c:\users\a01\desktop\circus(변경점)\obstacle.cpp(153): warning C4244: '-=': 'float'에서 'LONG'(으)로 변환하면서 데이터가 손실될 수 있습니다.
c:\users\a01\desktop\circus(변경점)\obstacle.cpp(155): warning C4244: '-=': 'float'에서 'LONG'(으)로 변환하면서 데이터가 손실될 수 있습니다.
c:\users\a01\desktop\circus(변경점)\obstacle.cpp(156): warning C4244: '-=': 'float'에서 'LONG'(으)로 변환하면서 데이터가 손실될 수 있습니다.
c:\users\a01\desktop\circus(변경점)\obstacle.cpp(163): warning C4244: '인수': 'double'에서 'int'(으)로 변환하면서 데이터가 손실될 수 있습니다.
c:\users\a01\desktop\circus(변경점)\obstacle.cpp(168): warning C4244: '인수': 'double'에서 'int'(으)로 변환하면서 데이터가 손실될 수 있습니다.
c:\users\a01\desktop\circus(변경점)\obstacle.cpp(204): warning C4244: '=': 'double'에서 'LONG'(으)로 변환하면서 데이터가 손실될 수 있습니다.
c:\users\a01\desktop\circus(변경점)\obstacle.cpp(230): warning C4244: '=': 'double'에서 'LONG'(으)로 변환하면서 데이터가 손실될 수 있습니다.
c:\users\a01\desktop\circus(변경점)\obstacle.cpp(245): warning C4244: '=': 'double'에서 'LONG'(으)로 변환하면서 데이터가 손실될 수 있습니다.
c:\users\a01\desktop\circus(변경점)\obstacle.cpp(250): warning C4244: '=': 'double'에서 'LONG'(으)로 변환하면서 데이터가 손실될 수 있습니다.
c:\users\a01\desktop\circus(변경점)\obstacle.cpp(260): warning C4244: '=': 'double'에서 'LONG'(으)로 변환하면서 데이터가 손실될 수 있습니다.
c:\users\a01\desktop\circus(변경점)\obstacle.cpp(266): warning C4244: '-=': 'float'에서 'LONG'(으)로 변환하면서 데이터가 손실될 수 있습니다.
c:\users\a01\desktop\circus(변경점)\obstacle.cpp(267): warning C4244: '-=': 'float'에서 'LONG'(으)로 변환하면서 데이터가 손실될 수 있습니다.
c:\users\a01\desktop\circus(변경점)\obstacle.cpp(268): warning C4244: '-=': 'float'에서 'LONG'(으)로 변환하면서 데이터가 손실될 수 있습니다.
c:\users\a01\desktop\circus(변경점)\obstacle.cpp(269): warning C4244: '-=': 'float'에서 'LONG'(으)로 변환하면서 데이터가 손실될 수 있습니다.
c:\users\a01\desktop\circus(변경점)\obstacle.cpp(271): warning C4244: '-=': 'float'에서 'LONG'(으)로 변환하면서 데이터가 손실될 수 있습니다.
c:\users\a01\desktop\circus(변경점)\obstacle.cpp(272): warning C4244: '-=': 'float'에서 'LONG'(으)로 변환하면서 데이터가 손실될 수 있습니다.
c:\users\a01\desktop\circus(변경점)\obstacle.cpp(279): warning C4244: '인수': 'double'에서 'int'(으)로 변환하면서 데이터가 손실될 수 있습니다.
c:\users\a01\desktop\circus(변경점)\obstacle.cpp(284): warning C4244: '인수': 'double'에서 'int'(으)로 변환하면서 데이터가 손실될 수 있습니다.
c:\users\a01\desktop\circus(변경점)\obstacle.cpp(294): warning C4244: '=': 'double'에서 'LONG'(으)로 변환하면서 데이터가 손실될 수 있습니다.
c:\users\a01\desktop\circus(변경점)\obstacle.cpp(298): warning C4244: '=': 'double'에서 'LONG'(으)로 변환하면서 데이터가 손실될 수 있습니다.
c:\users\a01\desktop\circus(변경점)\obstacle.cpp(304): warning C4244: '=': 'double'에서 'LONG'(으)로 변환하면서 데이터가 손실될 수 있습니다.
c:\users\a01\desktop\circus(변경점)\obstacle.cpp(338): warning C4244: '=': 'double'에서 'LONG'(으)로 변환하면서 데이터가 손실될 수 있습니다.
c:\users\a01\desktop\circus(변경점)\obstacle.cpp(339): warning C4244: '=': 'double'에서 'LONG'(으)로 변환하면서 데이터가 손실될 수 있습니다.
c:\users\a01\desktop\circus(변경점)\obstacle.cpp(349): warning C4244: '=': 'double'에서 'LONG'(으)로 변환하면서 데이터가 손실될 수 있습니다.
c:\users\a01\desktop\circus(변경점)\obstacle.cpp(353): warning C4244: '-=': 'float'에서 'LONG'(으)로 변환하면서 데이터가 손실될 수 있습니다.
c:\users\a01\desktop\circus(변경점)\obstacle.cpp(354): warning C4244: '-=': 'float'에서 'LONG'(으)로 변환하면서 데이터가 손실될 수 있습니다.
c:\users\a01\desktop\circus(변경점)\obstacle.cpp(363): warning C4244: '인수': 'double'에서 'int'(으)로 변환하면서 데이터가 손실될 수 있습니다.
c:\users\a01\desktop\circus(변경점)\obstacle.cpp(378): warning C4244: '=': 'double'에서 'LONG'(으)로 변환하면서 데이터가 손실될 수 있습니다.
c:\users\a01\desktop\circus(변경점)\obstacle.cpp(379): warning C4244: '=': 'double'에서 'LONG'(으)로 변환하면서 데이터가 손실될 수 있습니다.
c:\users\a01\desktop\circus(변경점)\obstacle.cpp(406): warning C4244: '=': 'double'에서 'LONG'(으)로 변환하면서 데이터가 손실될 수 있습니다.
c:\users\a01\desktop\circus(변경점)\obstacle.cpp(407): warning C4244: '=': 'double'에서 'LONG'(으)로 변환하면서 데이터가 손실될 수 있습니다.
c:\users\a01\desktop\circus(변경점)\obstacle.cpp(409): warning C4244: '=': 'double'에서 'LONG'(으)로 변환하면서 데이터가 손실될 수 있습니다.
c:\users\a01\desktop\circus(변경점)\obstacle.cpp(419): warning C4244: '=': 'double'에서 'LONG'(으)로 변환하면서 데이터가 손실될 수 있습니다.
c:\users\a01\desktop\circus(변경점)\obstacle.cpp(422): warning C4244: '=': 'double'에서 'LONG'(으)로 변환하면서 데이터가 손실될 수 있습니다.
c:\users\a01\desktop\circus(변경점)\obstacle.cpp(426): warning C4244: '-=': 'float'에서 'LONG'(으)로 변환하면서 데이터가 손실될 수 있습니다.
c:\users\a01\desktop\circus(변경점)\obstacle.cpp(427): warning C4244: '-=': 'float'에서 'LONG'(으)로 변환하면서 데이터가 손실될 수 있습니다.
c:\users\a01\desktop\circus(변경점)\obstacle.cpp(428): warning C4244: '-=': 'float'에서 'LONG'(으)로 변환하면서 데이터가 손실될 수 있습니다.
c:\users\a01\desktop\circus(변경점)\obstacle.cpp(429): warning C4244: '-=': 'float'에서 'LONG'(으)로 변환하면서 데이터가 손실될 수 있습니다.
c:\users\a01\desktop\circus(변경점)\obstacle.cpp(434): warning C4244: '인수': 'double'에서 'int'(으)로 변환하면서 데이터가 손실될 수 있습니다.
c:\users\a01\desktop\circus(변경점)\obstacle.cpp(442): warning C4244: '=': 'double'에서 'LONG'(으)로 변환하면서 데이터가 손실될 수 있습니다.
c:\users\a01\desktop\circus(변경점)\obstacle.cpp(443): warning C4244: '=': 'double'에서 'LONG'(으)로 변환하면서 데이터가 손실될 수 있습니다.
c:\users\a01\desktop\circus(변경점)\obstacle.cpp(446): warning C4244: '=': 'double'에서 'LONG'(으)로 변환하면서 데이터가 손실될 수 있습니다.
c:\users\a01\desktop\circus(변경점)\obstacle.cpp(476): warning C4244: '=': 'double'에서 'LONG'(으)로 변환하면서 데이터가 손실될 수 있습니다.
c:\users\a01\desktop\circus(변경점)\obstacle.cpp(477): warning C4244: '=': 'double'에서 'LONG'(으)로 변환하면서 데이터가 손실될 수 있습니다.
c:\users\a01\desktop\circus(변경점)\obstacle.cpp(479): warning C4244: '=': 'double'에서 'LONG'(으)로 변환하면서 데이터가 손실될 수 있습니다.
c:\users\a01\desktop\circus(변경점)\obstacle.cpp(481): warning C4244: '=': 'double'에서 'LONG'(으)로 변환하면서 데이터가 손실될 수 있습니다.
c:\users\a01\desktop\circus(변경점)\obstacle.cpp(489): warning C4244: '=': 'double'에서 'LONG'(으)로 변환하면서 데이터가 손실될 수 있습니다.
c:\users\a01\desktop\circus(변경점)\obstacle.cpp(492): warning C4244: '=': 'double'에서 'LONG'(으)로 변환하면서 데이터가 손실될 수 있습니다.
c:\users\a01\desktop\circus(변경점)\obstacle.cpp(496): warning C4244: '-=': 'float'에서 'LONG'(으)로 변환하면서 데이터가 손실될 수 있습니다.
c:\users\a01\desktop\circus(변경점)\obstacle.cpp(497): warning C4244: '-=': 'float'에서 'LONG'(으)로 변환하면서 데이터가 손실될 수 있습니다.
c:\users\a01\desktop\circus(변경점)\obstacle.cpp(498): warning C4244: '-=': 'float'에서 'LONG'(으)로 변환하면서 데이터가 손실될 수 있습니다.
c:\users\a01\desktop\circus(변경점)\obstacle.cpp(499): warning C4244: '-=': 'float'에서 'LONG'(으)로 변환하면서 데이터가 손실될 수 있습니다.
c:\users\a01\desktop\circus(변경점)\obstacle.cpp(505): warning C4244: '인수': 'double'에서 'int'(으)로 변환하면서 데이터가 손실될 수 있습니다.
c:\users\a01\desktop\circus(변경점)\obstacle.cpp(530): warning C4244: '=': 'double'에서 'LONG'(으)로 변환하면서 데이터가 손실될 수 있습니다.
c:\users\a01\desktop\circus(변경점)\obstacle.cpp(531): warning C4244: '=': 'double'에서 'LONG'(으)로 변환하면서 데이터가 손실될 수 있습니다.
c:\users\a01\desktop\circus(변경점)\obstacle.cpp(533): warning C4244: '=': 'double'에서 'LONG'(으)로 변환하면서 데이터가 손실될 수 있습니다.
c:\users\a01\desktop\circus(변경점)\obstacle.cpp(535): warning C4244: '=': 'double'에서 'LONG'(으)로 변환하면서 데이터가 손실될 수 있습니다.
  코드를 생성하고 있습니다...
  Circus.vcxproj -> C:\Users\A01\Desktop\Circus(변경점)\Debug\Circus.exe
