  GameManager.cpp
c:\users\a11\desktop\베네치아(list 추가 단어저장,랭킹 변경)\베네치아\interface.h(21): warning C4838: 'int'에서 'SHORT'(으)로의 변환에는 축소 변환이 필요합니다.
c:\users\a11\desktop\베네치아(list 추가 단어저장,랭킹 변경)\베네치아\gamemanager.cpp(28): warning C4244: '초기화 중': 'float'에서 'int'(으)로 변환하면서 데이터가 손실될 수 있습니다.
c:\users\a11\desktop\베네치아(list 추가 단어저장,랭킹 변경)\베네치아\gamemanager.cpp(30): warning C4244: '인수': 'float'에서 'int'(으)로 변환하면서 데이터가 손실될 수 있습니다.
c:\users\a11\desktop\베네치아(list 추가 단어저장,랭킹 변경)\베네치아\gamemanager.cpp(37): warning C4244: '=': 'float'에서 'int'(으)로 변환하면서 데이터가 손실될 수 있습니다.
c:\users\a11\desktop\베네치아(list 추가 단어저장,랭킹 변경)\베네치아\gamemanager.cpp(46): warning C4244: '인수': 'float'에서 'int'(으)로 변환하면서 데이터가 손실될 수 있습니다.
c:\users\a11\desktop\베네치아(list 추가 단어저장,랭킹 변경)\베네치아\gamemanager.cpp(48): warning C4244: '인수': 'float'에서 'int'(으)로 변환하면서 데이터가 손실될 수 있습니다.
c:\users\a11\desktop\베네치아(list 추가 단어저장,랭킹 변경)\베네치아\gamemanager.cpp(87): warning C4244: '초기화 중': 'float'에서 'int'(으)로 변환하면서 데이터가 손실될 수 있습니다.
c:\users\a11\desktop\베네치아(list 추가 단어저장,랭킹 변경)\베네치아\gamemanager.cpp(113): warning C4805: '==': 연산에 'char' 형식과 'bool' 형식을 함께 사용하는 것은 안전하지 않습니다.
c:\users\a11\desktop\베네치아(list 추가 단어저장,랭킹 변경)\베네치아\gamemanager.cpp(127): warning C4805: '==': 연산에 'char' 형식과 'bool' 형식을 함께 사용하는 것은 안전하지 않습니다.
c:\users\a11\desktop\베네치아(list 추가 단어저장,랭킹 변경)\베네치아\gamemanager.cpp(129): warning C4244: '=': 'float'에서 'int'(으)로 변환하면서 데이터가 손실될 수 있습니다.
c:\users\a11\desktop\베네치아(list 추가 단어저장,랭킹 변경)\베네치아\gamemanager.cpp(138): warning C4244: '=': 'float'에서 'int'(으)로 변환하면서 데이터가 손실될 수 있습니다.
c:\users\a11\desktop\베네치아(list 추가 단어저장,랭킹 변경)\베네치아\gamemanager.cpp(86): warning C4101: 'endtime' :참조되지 않은 지역 변수입니다.
c:\users\a11\desktop\베네치아(list 추가 단어저장,랭킹 변경)\베네치아\gamemanager.cpp(167): warning C4244: '인수': 'float'에서 'int'(으)로 변환하면서 데이터가 손실될 수 있습니다.
c:\users\a11\desktop\베네치아(list 추가 단어저장,랭킹 변경)\베네치아\gamemanager.cpp(168): warning C4244: '인수': 'float'에서 'int'(으)로 변환하면서 데이터가 손실될 수 있습니다.
c:\users\a11\desktop\베네치아(list 추가 단어저장,랭킹 변경)\베네치아\gamemanager.cpp(174): warning C4996: 'kbhit': The POSIX name for this item is deprecated. Instead, use the ISO C and C++ conformant name: _kbhit. See online help for details.
  c:\program files (x86)\windows kits\10\include\10.0.17763.0\ucrt\conio.h(459): note: 'kbhit' 선언을 참조하십시오.
c:\users\a11\desktop\베네치아(list 추가 단어저장,랭킹 변경)\베네치아\gamemanager.cpp(176): warning C4996: 'getch': The POSIX name for this item is deprecated. Instead, use the ISO C and C++ conformant name: _getch. See online help for details.
  c:\program files (x86)\windows kits\10\include\10.0.17763.0\ucrt\conio.h(453): note: 'getch' 선언을 참조하십시오.
c:\users\a11\desktop\베네치아(list 추가 단어저장,랭킹 변경)\베네치아\gamemanager.cpp(192): warning C4244: '인수': 'float'에서 'int'(으)로 변환하면서 데이터가 손실될 수 있습니다.
c:\users\a11\desktop\베네치아(list 추가 단어저장,랭킹 변경)\베네치아\gamemanager.cpp(194): warning C4244: '인수': 'float'에서 'int'(으)로 변환하면서 데이터가 손실될 수 있습니다.
c:\users\a11\desktop\베네치아(list 추가 단어저장,랭킹 변경)\베네치아\gamemanager.cpp(195): warning C4244: '인수': 'float'에서 'int'(으)로 변환하면서 데이터가 손실될 수 있습니다.
c:\users\a11\desktop\베네치아(list 추가 단어저장,랭킹 변경)\베네치아\gamemanager.cpp(196): warning C4244: '인수': 'float'에서 'int'(으)로 변환하면서 데이터가 손실될 수 있습니다.
c:\users\a11\desktop\베네치아(list 추가 단어저장,랭킹 변경)\베네치아\gamemanager.cpp(250): warning C4244: '인수': 'float'에서 'int'(으)로 변환하면서 데이터가 손실될 수 있습니다.
c:\users\a11\desktop\베네치아(list 추가 단어저장,랭킹 변경)\베네치아\gamemanager.cpp(251): warning C4244: '인수': 'float'에서 'int'(으)로 변환하면서 데이터가 손실될 수 있습니다.
c:\users\a11\desktop\베네치아(list 추가 단어저장,랭킹 변경)\베네치아\gamemanager.cpp(265): warning C4244: '인수': 'float'에서 'int'(으)로 변환하면서 데이터가 손실될 수 있습니다.
c:\users\a11\desktop\베네치아(list 추가 단어저장,랭킹 변경)\베네치아\gamemanager.cpp(274): warning C4244: '인수': 'float'에서 'int'(으)로 변환하면서 데이터가 손실될 수 있습니다.
c:\users\a11\desktop\베네치아(list 추가 단어저장,랭킹 변경)\베네치아\gamemanager.cpp(286): warning C4244: '인수': 'float'에서 'int'(으)로 변환하면서 데이터가 손실될 수 있습니다.
c:\users\a11\desktop\베네치아(list 추가 단어저장,랭킹 변경)\베네치아\gamemanager.cpp(306): warning C4244: '인수': 'float'에서 'int'(으)로 변환하면서 데이터가 손실될 수 있습니다.
c:\users\a11\desktop\베네치아(list 추가 단어저장,랭킹 변경)\베네치아\gamemanager.cpp(252): warning C4996: 'kbhit': The POSIX name for this item is deprecated. Instead, use the ISO C and C++ conformant name: _kbhit. See online help for details.
  c:\program files (x86)\windows kits\10\include\10.0.17763.0\ucrt\conio.h(459): note: 'kbhit' 선언을 참조하십시오.
c:\users\a11\desktop\베네치아(list 추가 단어저장,랭킹 변경)\베네치아\gamemanager.cpp(254): warning C4996: 'getch': The POSIX name for this item is deprecated. Instead, use the ISO C and C++ conformant name: _getch. See online help for details.
  c:\program files (x86)\windows kits\10\include\10.0.17763.0\ucrt\conio.h(453): note: 'getch' 선언을 참조하십시오.
c:\users\a11\desktop\베네치아(list 추가 단어저장,랭킹 변경)\베네치아\gamemanager.cpp(321): warning C4244: '인수': 'float'에서 'int'(으)로 변환하면서 데이터가 손실될 수 있습니다.
c:\users\a11\desktop\베네치아(list 추가 단어저장,랭킹 변경)\베네치아\gamemanager.cpp(326): warning C4244: '인수': 'float'에서 'int'(으)로 변환하면서 데이터가 손실될 수 있습니다.
c:\users\a11\desktop\베네치아(list 추가 단어저장,랭킹 변경)\베네치아\gamemanager.cpp(184): warning C4715: 'GameManager::Skip': 모든 제어 경로에서 값을 반환하지는 않습니다.
  베네치아.vcxproj -> C:\Users\A11\Desktop\베네치아(list 추가 단어저장,랭킹 변경)\Debug\베네치아.exe
